<?xml version="1.0" encoding="utf-8"?><testsuites name="pytest tests"><testsuite name="pytest" errors="0" failures="0" skipped="0" tests="118" time="2.104" timestamp="2026-09-20T11:59:13.276671+00:00" hostname="runnervmlun5p"><testcase classname="tests.test_native_runtime_delivery_contract" name="test_unavailability_warns_without_creating_native_success[native_policy_not_ready-claude-code-enforce]" time="0.004" /><testcase classname="tests.test_native_runtime_delivery_contract" name="test_unavailability_warns_without_creating_native_success[native_policy_not_ready-claude-code-watch]" time="0.001" /><testcase classname="tests.test_native_runtime_delivery_contract" name="test_unavailability_warns_without_creating_native_success[native_policy_not_ready-grok-enforce]" time="0.001" /><testcase classname="tests.test_native_runtime_delivery_contract" name="test_unavailability_warns_without_creating_native_success[native_policy_not_ready-grok-watch]" time="0.001" /><testcase classname="tests.test_native_runtime_delivery_contract" name="test_unavailability_warns_without_creating_native_success[native_policy_not_ready-cursor-enforce]" time="0.001" /><testcase classname="tests.test_native_runtime_delivery_contract" name="test_unavailability_warns_without_creating_native_success[native_policy_not_ready-cursor-watch]" time="0.001" /><testcase classname="tests.test_native_runtime_delivery_contract" name="test_unavailability_warns_without_creating_native_success[native_hook_edge_invalid_response-claude-code-enforce]" time="0.001" /><testcase classname="tests.test_native_runtime_delivery_contract" name="test_unavailability_warns_without_creating_native_success[native_hook_edge_invalid_response-claude-code-watch]" time="0.001" /><testcase classname="tests.test_native_runtime_delivery_contract" name="test_unavailability_warns_without_creating_native_success[native_hook_edge_invalid_response-grok-enforce]" time="0.001" /><testcase classname="tests.test_native_runtime_delivery_contract" name="test_unavailability_warns_without_creating_native_success[native_hook_edge_invalid_response-grok-watch]" time="0.001" /><testcase classname="tests.test_native_runtime_delivery_contract" name="test_unavailability_warns_without_creating_native_success[native_hook_edge_invalid_response-cursor-enforce]" time="0.001" /><testcase classname="tests.test_native_runtime_delivery_contract" name="test_unavailability_warns_without_creating_native_success[native_hook_edge_invalid_response-cursor-watch]" time="0.001" /><testcase classname="tests.test_native_runtime_delivery_contract" name="test_unavailability_warns_without_creating_native_success[native_command_control_fence_unavailable-claude-code-enforce]" time="0.001" /><testcase classname="tests.test_native_runtime_delivery_contract" name="test_unavailability_warns_without_creating_native_success[native_command_control_fence_unavailable-claude-code-watch]" time="0.001" /><testcase classname="tests.test_native_runtime_delivery_contract" name="test_unavailability_warns_without_creating_native_success[native_command_control_fence_unavailable-grok-enforce]" time="0.001" /><testcase classname="tests.test_native_runtime_delivery_contract" name="test_unavailability_warns_without_creating_native_success[native_command_control_fence_unavailable-grok-watch]" time="0.001" /><testcase classname="tests.test_native_runtime_delivery_contract" name="test_unavailability_warns_without_creating_native_success[native_command_control_fence_unavailable-cursor-enforce]" time="0.001" /><testcase classname="tests.test_native_runtime_delivery_contract" name="test_unavailability_warns_without_creating_native_success[native_command_control_fence_unavailable-cursor-watch]" time="0.001" /><testcase classname="tests.test_native_runtime_delivery_contract" name="test_unavailability_warns_without_creating_native_success[daemon_hook_deadline_exhausted-claude-code-enforce]" time="0.001" /><testcase classname="tests.test_native_runtime_delivery_contract" name="test_unavailability_warns_without_creating_native_success[daemon_hook_deadline_exhausted-claude-code-watch]" time="0.001" /><testcase classname="tests.test_native_runtime_delivery_contract" name="test_unavailability_warns_without_creating_native_success[daemon_hook_deadline_exhausted-grok-enforce]" time="0.001" /><testcase classname="tests.test_native_runtime_delivery_contract" name="test_unavailability_warns_without_creating_native_success[daemon_hook_deadline_exhausted-grok-watch]" time="0.001" /><testcase classname="tests.test_native_runtime_delivery_contract" name="test_unavailability_warns_without_creating_native_success[daemon_hook_deadline_exhausted-cursor-enforce]" time="0.001" /><testcase classname="tests.test_native_runtime_delivery_contract" name="test_unavailability_warns_without_creating_native_success[daemon_hook_deadline_exhausted-cursor-watch]" time="0.001" /><testcase classname="tests.test_native_runtime_delivery_contract" name="test_integrity_rejection_still_denies_in_both_postures[invalid_hook_payload_reference-claude-code-deny-enforce]" time="0.001" /><testcase classname="tests.test_native_runtime_delivery_contract" name="test_integrity_rejection_still_denies_in_both_postures[invalid_hook_payload_reference-claude-code-deny-watch]" time="0.001" /><testcase classname="tests.test_native_runtime_delivery_contract" name="test_integrity_rejection_still_denies_in_both_postures[invalid_hook_payload_reference-hermes-block-enforce]" time="0.001" /><testcase classname="tests.test_native_runtime_delivery_contract" name="test_integrity_rejection_still_denies_in_both_postures[invalid_hook_payload_reference-hermes-block-watch]" time="0.001" /><testcase classname="tests.test_native_runtime_delivery_contract" name="test_integrity_rejection_still_denies_in_both_postures[invalid_hook_payload_reference-pi-deny-enforce]" time="0.001" /><testcase classname="tests.test_native_runtime_delivery_contract" name="test_integrity_rejection_still_denies_in_both_postures[invalid_hook_payload_reference-pi-deny-watch]" time="0.001" /><testcase classname="tests.test_native_runtime_delivery_contract" name="test_integrity_rejection_still_denies_in_both_postures[daemon_hook_queue_bytes-claude-code-deny-enforce]" time="0.001" /><testcase classname="tests.test_native_runtime_delivery_contract" name="test_integrity_rejection_still_denies_in_both_postures[daemon_hook_queue_bytes-claude-code-deny-watch]" time="0.001" /><testcase classname="tests.test_native_runtime_delivery_contract" name="test_integrity_rejection_still_denies_in_both_postures[daemon_hook_queue_bytes-hermes-block-enforce]" time="0.001" /><testcase classname="tests.test_native_runtime_delivery_contract" name="test_integrity_rejection_still_denies_in_both_postures[daemon_hook_queue_bytes-hermes-block-watch]" time="0.001" /><testcase classname="tests.test_native_runtime_delivery_contract" name="test_integrity_rejection_still_denies_in_both_postures[daemon_hook_queue_bytes-pi-deny-enforce]" time="0.001" /><testcase classname="tests.test_native_runtime_delivery_contract" name="test_integrity_rejection_still_denies_in_both_postures[daemon_hook_queue_bytes-pi-deny-watch]" time="0.001" /><testcase classname="tests.test_native_runtime_delivery_contract" name="test_posttool_unavailability_and_completed_block_are_different[claude-code]" time="0.001" /><testcase classname="tests.test_native_runtime_delivery_contract" name="test_posttool_unavailability_and_completed_block_are_different[grok]" time="0.001" /><testcase classname="tests.test_native_runtime_delivery_contract" name="test_posttool_unavailability_and_completed_block_are_different[pi]" time="0.001" /><testcase classname="tests.test_native_runtime_delivery_contract" name="test_permission_availability_does_not_invent_an_approval[copilot]" time="0.001" /><testcase classname="tests.test_native_runtime_delivery_contract" name="test_permission_availability_does_not_invent_an_approval[claude-code]" time="0.001" /><testcase classname="tests.test_native_runtime_delivery_contract" name="test_permission_availability_does_not_invent_an_approval[hermes]" time="0.001" /><testcase classname="tests.test_native_runtime_delivery_contract" name="test_permission_availability_does_not_invent_an_approval[pi]" time="0.001" /><testcase classname="tests.test_native_runtime_delivery_contract" name="test_cursor_unavailable_and_malformed_input_keep_distinct_contracts[beforeShellExecution]" time="0.001" /><testcase classname="tests.test_native_runtime_delivery_contract" name="test_cursor_unavailable_and_malformed_input_keep_distinct_contracts[beforeMCPExecution]" time="0.001" /><testcase classname="tests.test_native_runtime_delivery_contract" name="test_watch_copy_does_not_rewrite_the_native_block" time="0.001" /><testcase classname="tests.test_rust_hardening_contracts" name="test_hook_data_plane_ownership_v2_maps_every_supported_route" time="0.001" /><testcase classname="tests.test_rust_hardening_contracts" name="test_hook_data_plane_ownership_v2_has_one_declared_class_per_node" time="0.001" /><testcase classname="tests.test_rust_hardening_contracts" name="test_historical_fail_safe_matrix_retains_its_original_declarations" time="0.001" /><testcase classname="tests.test_rust_hardening_contracts" name="test_emergency_safe_profile_is_default_deny_and_has_no_network_capability" time="0.001" /><testcase classname="tests.test_rust_hardening_contracts" name="test_native_reason_codes_are_unique_and_privacy_safe" time="0.001" /><testcase classname="tests.test_rust_hardening_contracts" name="test_hardening_contracts_are_enforced_by_the_ownership_workflow" time="0.024" /><testcase classname="tests.test_rust_hardening_contracts" name="test_dead_python_cleanup_is_an_explicit_release_gate" time="0.007" /><testcase classname="tests.test_rust_hardening_contracts" name="test_removed_native_selector_is_absent_from_the_package" time="0.001" /><testcase classname="tests.test_hook_availability_policy" name="test_workspace_source_read_is_emergency_safe" time="0.001" /><testcase classname="tests.test_hook_availability_policy" name="test_env_file_read_is_not_emergency_safe" time="0.001" /><testcase classname="tests.test_hook_availability_policy" name="test_git_status_requires_configuration_proof_for_emergency_safety" time="0.001" /><testcase classname="tests.test_hook_availability_policy" name="test_git_push_is_not_emergency_safe" time="0.001" /><testcase classname="tests.test_hook_availability_policy" name="test_destructive_shell_is_not_emergency_safe" time="0.001" /><testcase classname="tests.test_hook_availability_policy" name="test_mcp_is_not_emergency_safe" time="0.001" /><testcase classname="tests.test_hook_availability_policy" name="test_post_tool_is_not_emergency_safe" time="0.001" /><testcase classname="tests.test_hook_availability_policy" name="test_piped_command_is_not_emergency_safe" time="0.001" /><testcase classname="tests.test_hook_availability_policy" name="test_ordinary_pretool_unavailability_continues_inspection_and_high_impact" time="0.001" /><testcase classname="tests.test_hook_availability_policy" name="test_cursor_fallback_allows_read_and_shell_when_review_cannot_finish" time="0.001" /><testcase classname="tests.test_hook_availability_policy" name="test_hol_guard_status_is_emergency_safe" time="0.001" /><testcase classname="tests.test_hook_availability_policy" name="test_chmod_hook_script_is_not_emergency_safe" time="0.001" /><testcase classname="tests.test_hook_availability_policy" name="test_rg_and_cat_are_emergency_safe" time="0.001" /><testcase classname="tests.test_hook_availability_policy" name="test_find_delete_and_etc_paths_are_not_emergency_safe" time="0.001" /><testcase classname="tests.test_hook_availability_policy" name="test_cline_read_files_is_emergency_safe" time="0.001" /><testcase classname="tests.test_hook_availability_policy" name="test_parent_dir_and_exec_flags_are_not_emergency_safe" time="0.001" /><testcase classname="tests.test_hook_availability_policy" name="test_nested_arguments_path_is_validated" time="0.001" /><testcase classname="tests.test_hook_availability_policy" name="test_filesystem_root_workspace_does_not_fail_open" time="0.002" /><testcase classname="tests.test_hook_availability_policy" name="test_filesystem_root_workspace_rejects_relative_reads" time="0.001" /><testcase classname="tests.test_hook_availability_policy" name="test_tilde_and_home_paths_are_not_emergency_safe" time="0.001" /><testcase classname="tests.test_hook_availability_policy" name="test_tree_output_file_is_not_emergency_safe" time="0.001" /><testcase classname="tests.test_hook_availability_policy" name="test_before_write_file_is_not_emergency_safe" time="0.001" /><testcase classname="tests.test_hook_availability_policy" name="test_missing_workspace_rejects_absolute_paths" time="0.001" /><testcase classname="tests.test_hook_availability_policy" name="test_fd_exec_short_flag_is_not_emergency_safe" time="0.001" /><testcase classname="tests.test_hook_availability_policy" name="test_macos_private_prefix_stays_workspace_local" time="0.001" /><testcase classname="tests.test_hook_availability_policy" name="test_availability_continues_prompt_lifecycle_and_still_pauses_tools" time="0.001" /><testcase classname="tests.test_hook_availability_policy" name="test_cursor_unparseable_input_allows_read_and_pauses_shell" time="0.001" /><testcase classname="tests.test_hook_worker_native_post_tool_watch" name="test_complete_inline_recording_only_output_gets_matching_proof" time="0.001" /><testcase classname="tests.test_hook_worker_native_post_tool_watch" name="test_source_ref_proof_is_copied_without_hashing_an_excerpt" time="0.001" /><testcase classname="tests.test_hook_worker_native_post_tool_watch" name="test_inherited_excerpt_digest_is_removed_during_allow_original_rewrite" time="0.001" /><testcase classname="tests.test_hook_worker_native_post_tool_watch" name="test_inherited_excerpt_digest_is_removed_from_existing_allow_response" time="0.001" /><testcase classname="tests.test_hook_worker_native_post_tool_watch" name="test_stale_allow_original_uses_canonical_inline_proof" time="0.001" /><testcase classname="tests.test_hook_worker_native_post_tool_watch" name="test_summary_without_digest_falls_back_to_complete_inline_output" time="0.001" /><testcase classname="tests.test_hook_worker_native_post_tool_watch" name="test_truncated_or_excerpt_only_output_gets_no_fabricated_proof" time="0.001" /><testcase classname="tests.test_hook_worker_native_post_tool_watch" name="test_existing_observe_mode_is_preserved_during_rewrite" time="0.001" /><testcase classname="tests.test_hook_worker_native_post_tool_watch" name="test_truncated_inline_output_gets_no_proof" time="0.001" /><testcase classname="tests.test_native_route_receipt" name="test_route_receipt_requires_a_current_native_claim" time="0.001" /><testcase classname="tests.test_native_route_receipt" name="test_route_receipt_waits_for_metrics_lock" time="0.052" /><testcase classname="tests.test_native_route_receipt" name="test_null_payload_records_attached_fail_safe_route" time="0.002" /><testcase classname="tests.test_guard_native_qualification_corpus" name="test_every_frozen_delivered_projection_matches_existing_contract" time="0.060" /><testcase classname="tests.test_guard_native_qualification_corpus" name="test_installed_surface_inventory_is_frozen_against_ownership_contract" time="0.001" /><testcase classname="tests.test_guard_native_qualification_corpus" name="test_actual_cursor_and_copilot_aliases_are_present" time="0.001" /><testcase classname="tests.test_guard_native_qualification_corpus" name="test_file_and_mcp_aliases_are_real_actions" time="0.001" /><testcase classname="tests.test_guard_native_qualification_corpus" name="test_size_classes_measure_content_and_wire_bytes_separately" time="0.029" /><testcase classname="tests.test_guard_native_qualification_corpus" name="test_source_refs_bind_exact_shared_synthetic_content" time="0.150" /><testcase classname="tests.test_guard_native_qualification_corpus" name="test_non_source_fixture_suffix_cannot_qualify_content_scanning" time="0.002" /><testcase classname="tests.test_guard_native_qualification_corpus" name="test_warm_fixture_reuse_does_not_change_source_identity" time="0.096" /><testcase classname="tests.test_guard_native_qualification_corpus" name="test_changed_fixture_and_symlink_are_rejected" time="0.049" /><testcase classname="tests.test_guard_native_qualification_corpus" name="test_validator_rejects_semantic_changes[reason]" time="0.001" /><testcase classname="tests.test_guard_native_qualification_corpus" name="test_validator_rejects_semantic_changes[empty]" time="0.001" /><testcase classname="tests.test_guard_native_qualification_corpus" name="test_validator_rejects_semantic_changes[false_allow]" time="0.001" /><testcase classname="tests.test_guard_native_qualification_corpus" name="test_validator_rejects_semantic_changes[wrong_event]" time="0.001" /><testcase classname="tests.test_guard_native_qualification_corpus" name="test_validator_rejects_semantic_changes[numeric_continue]" time="0.001" /><testcase classname="tests.test_guard_native_qualification_corpus" name="test_validator_rejects_semantic_changes[unexpected_proof]" time="0.001" /><testcase classname="tests.test_guard_native_qualification_corpus" name="test_validator_requires_post_allow_shape_even_without_reason_code" time="0.001" /><testcase classname="tests.test_guard_native_qualification_corpus" name="test_route_and_http_status_are_not_inferred_from_allow" time="0.001" /><testcase classname="tests.test_guard_native_qualification_corpus" name="test_watch_native_deny_and_delivered_allow_are_independent" time="0.001" /><testcase classname="tests.test_guard_native_qualification_corpus" name="test_unavailable_watch_and_integrity_have_different_results" time="0.001" /><testcase classname="tests.test_guard_native_qualification_corpus" name="test_setup_requires_observed_state_not_a_label" time="0.001" /><testcase classname="tests.test_guard_native_qualification_corpus" name="test_review_cannot_pass_without_a_resolvable_approval" time="0.001" /><testcase classname="tests.test_guard_native_qualification_corpus" name="test_explicit_configuration_and_case_bound" time="0.001" /><testcase classname="tests.test_guard_native_qualification_corpus" name="test_cursor_wrapper_observers_do_not_claim_output_enforcement" time="0.001" /><testcase classname="tests.test_guard_native_qualification_corpus" name="test_cursor_read_review_uses_deny_while_shell_review_uses_ask" time="0.001" /><testcase classname="tests.test_guard_native_qualification_corpus" name="test_cline_post_context_is_observation_even_for_completed_block" time="0.004" /></testsuite></testsuites>