<?xml version="1.0" encoding="utf-8"?><testsuites name="pytest tests"><testsuite name="pytest" errors="0" failures="0" skipped="0" tests="16" time="0.054" timestamp="2026-09-20T16:56:08.520054+00:00" hostname="iad20-fj925-de3e59f3-6ca5-4e62-99d3-3e469fae0be2-9EC5F704E674.local"><testcase classname="" name="test_original_failure_is_diagnostically_admitted_without_becoming_pass" time="0.010" /><testcase classname="" name="test_observation_admission_rejects_missing_or_ambiguous_evidence[native_loss]" time="0.001" /><testcase classname="" name="test_observation_admission_rejects_missing_or_ambiguous_evidence[capture_fault]" time="0.001" /><testcase classname="" name="test_observation_admission_rejects_missing_or_ambiguous_evidence[overflow]" time="0.001" /><testcase classname="" name="test_observation_admission_rejects_missing_or_ambiguous_evidence[restoration]" time="0.001" /><testcase classname="" name="test_observation_admission_rejects_missing_or_ambiguous_evidence[index]" time="0.001" /><testcase classname="" name="test_observation_admission_rejects_missing_or_ambiguous_evidence[duplicate_offer]" time="0.001" /><testcase classname="" name="test_observation_admission_rejects_missing_or_ambiguous_evidence[missing_return]" time="0.002" /><testcase classname="" name="test_observation_admission_rejects_missing_or_ambiguous_evidence[role]" time="0.001" /><testcase classname="" name="test_observation_admission_rejects_missing_or_ambiguous_evidence[stop_failed]" time="0.001" /><testcase classname="" name="test_observation_admission_rejects_missing_or_ambiguous_evidence[outcome]" time="0.001" /><testcase classname="" name="test_native_roster_refuses_fewer_tests_before_any_control_execution[False]" time="0.001" /><testcase classname="" name="test_native_roster_refuses_fewer_tests_before_any_control_execution[True]" time="0.001" /><testcase classname="" name="test_python_control_xml_requires_exact_unique_identities" time="0.001" /><testcase classname="" name="test_original_selector_refuses_same_name_from_other_module" time="0.001" /><testcase classname="" name="test_observation_refuses_non_mapping_row" time="0.001" /></testsuite></testsuites>