<?xml version="1.0" encoding="utf-8"?><testsuites name="pytest tests"><testsuite name="pytest" errors="0" failures="0" skipped="0" tests="5" time="0.966" timestamp="2026-09-20T12:26:50.089788-03:00" hostname="localhost"><testcase classname="tests.test_native_publisher_acked_input_proof" name="test_real_overlay_is_in_full_acknowledged_effective_policy" time="0.249" /><testcase classname="tests.test_native_publisher_acked_input_proof" name="test_real_run_initial_ack_remains_ready_at_following_reconciliation" time="0.091" /><testcase classname="tests.test_native_publisher_acked_input_proof" name="test_same_already_published_overlay_metadata_revokes_ack" time="0.146" /><testcase classname="tests.test_native_publisher_acked_input_proof" name="test_lost_metadata_fault_does_not_expose_that_overlay_hint" time="0.141" /><testcase classname="tests.test_native_publisher_acked_input_proof" name="test_original_await_ack_accepts_same_signed_full_strict_snapshot" time="0.116" /></testsuite></testsuites>