<?xml version="1.0" encoding="utf-8"?><testsuites name="pytest tests"><testsuite name="pytest" errors="0" failures="0" skipped="0" tests="6" time="1.746" timestamp="2026-09-20T13:30:06.561910-03:00" hostname="localhost"><testcase classname="native-workspace-predicate-run35522495563.registry-controls.test_original_registry_coverage" name="test_actual_original_call_site_rejected_then_explicitly_registered[publication_context-False]" time="1.396" /><testcase classname="native-workspace-predicate-run35522495563.registry-controls.test_original_registry_coverage" name="test_actual_original_call_site_rejected_then_explicitly_registered[publication_context-True]" time="0.002" /><testcase classname="native-workspace-predicate-run35522495563.registry-controls.test_original_registry_coverage" name="test_actual_original_call_site_rejected_then_explicitly_registered[native_hook_prepare-False]" time="0.040" /><testcase classname="native-workspace-predicate-run35522495563.registry-controls.test_original_registry_coverage" name="test_actual_original_call_site_rejected_then_explicitly_registered[native_hook_prepare-True]" time="0.003" /><testcase classname="native-workspace-predicate-run35522495563.registry-controls.test_original_registry_coverage" name="test_actual_original_call_site_rejected_then_explicitly_registered[failure_reason-False]" time="0.002" /><testcase classname="native-workspace-predicate-run35522495563.registry-controls.test_original_registry_coverage" name="test_actual_original_call_site_rejected_then_explicitly_registered[failure_reason-True]" time="0.002" /></testsuite></testsuites>