<?xml version="1.0" encoding="utf-8"?><testsuites name="pytest tests"><testsuite name="pytest" errors="0" failures="0" skipped="0" tests="25" time="4.185" timestamp="2026-09-20T19:32:24.682178-03:00" hostname="localhost"><testcase classname="tests.test_launcher_campaign_result" name="test_full_original_population_is_joined_after_cleanup_without_mutating_flags" time="0.345" /><testcase classname="tests.test_launcher_campaign_result" name="test_controller_failures_do_not_promote_safe_original[configuration_sha256-aaaaaaaaaaaaaaaaaaaaaaaaaaaaaaaaaaaaaaaaaaaaaaaaaaaaaaaaaaaaaaaa]" time="0.107" /><testcase classname="tests.test_launcher_campaign_result" name="test_controller_failures_do_not_promote_safe_original[outer_wall_seconds-4801]" time="0.113" /><testcase classname="tests.test_launcher_campaign_result" name="test_controller_failures_do_not_promote_safe_original[worker_launched-False]" time="0.225" /><testcase classname="tests.test_launcher_campaign_result" name="test_controller_failures_do_not_promote_safe_original[worker_exit-True]" time="0.115" /><testcase classname="tests.test_launcher_campaign_result" name="test_controller_failures_do_not_promote_safe_original[worker_exit-1]" time="0.197" /><testcase classname="tests.test_launcher_campaign_result" name="test_controller_failures_do_not_promote_safe_original[worker_reaped-False]" time="0.114" /><testcase classname="tests.test_launcher_campaign_result" name="test_controller_failures_do_not_promote_safe_original[cleanup_complete-False]" time="0.113" /><testcase classname="tests.test_launcher_campaign_result" name="test_controller_failures_do_not_promote_safe_original[group_empty_before_cleanup-False]" time="0.198" /><testcase classname="tests.test_launcher_campaign_result" name="test_controller_failures_do_not_promote_safe_original[emergency_group_kill_used-True]" time="0.110" /><testcase classname="tests.test_launcher_campaign_result" name="test_controller_failures_do_not_promote_safe_original[collection_failure-wall_time]" time="0.107" /><testcase classname="tests.test_launcher_campaign_result" name="test_controller_failures_do_not_promote_safe_original[fault-os]" time="0.187" /><testcase classname="tests.test_launcher_campaign_result" name="test_source_count_policy_inventory_and_metric_faults_remain_closed[count]" time="0.154" /><testcase classname="tests.test_launcher_campaign_result" name="test_source_count_policy_inventory_and_metric_faults_remain_closed[record]" time="0.243" /><testcase classname="tests.test_launcher_campaign_result" name="test_source_count_policy_inventory_and_metric_faults_remain_closed[policy]" time="0.236" /><testcase classname="tests.test_launcher_campaign_result" name="test_source_count_policy_inventory_and_metric_faults_remain_closed[source]" time="0.151" /><testcase classname="tests.test_launcher_campaign_result" name="test_source_count_policy_inventory_and_metric_faults_remain_closed[premature]" time="0.235" /><testcase classname="tests.test_launcher_campaign_result" name="test_source_count_policy_inventory_and_metric_faults_remain_closed[metrics]" time="0.300" /><testcase classname="tests.test_launcher_campaign_result" name="test_private_text_is_withheld_not_sanitized[/private/owned-home/config.toml]" time="0.188" /><testcase classname="tests.test_launcher_campaign_result" name="test_private_text_is_withheld_not_sanitized[cat .env]" time="0.232" /><testcase classname="tests.test_launcher_campaign_result" name="test_private_text_is_withheld_not_sanitized[PRIVATE-SCANNER-OUTPUT]" time="0.176" /><testcase classname="tests.test_launcher_campaign_result" name="test_private_text_is_withheld_not_sanitized[token-value]" time="0.105" /><testcase classname="tests.test_launcher_campaign_result" name="test_unknown_field_and_nonfinite_or_huge_number_are_refused" time="0.001" /><testcase classname="tests.test_launcher_campaign_result" name="test_duplicate_controller_keys_are_refused" time="0.001" /><testcase classname="tests.test_launcher_campaign_result" name="test_original_stdout_length_and_digest_are_independently_checked" time="0.022" /></testsuite></testsuites>