<?xml version="1.0" encoding="utf-8"?><testsuites name="pytest tests"><testsuite name="pytest" errors="0" failures="1" skipped="0" tests="1" time="1.352" timestamp="2026-09-20T16:57:42.045334+00:00" hostname="iad20-fj925-de3e59f3-6ca5-4e62-99d3-3e469fae0be2-9EC5F704E674.local"><testcase classname="ci.native_runtime.test_native_hook_client" name="test_native_hook_client_recovers_after_supervisor_exit" time="1.247"><failure message="AssertionError: native policy push failed: native_resident_live_request_failed">ci/native_runtime/test_native_hook_client.py:143: in test_native_hook_client_recovers_after_supervisor_exit
    recovered = _invoke(runtime, state_dir, request)
                ^^^^^^^^^^^^^^^^^^^^^^^^^^^^^^^^^^^^
ci/native_runtime/native_hook_client_support.py:145: in _invoke
    _push_snapshot(runtime, state_dir, request)
ci/native_runtime/native_hook_client_support.py:135: in _push_snapshot
    raise AssertionError(f"native policy push failed: {_native_diagnostic(result.stderr)}")
E   AssertionError: native policy push failed: native_resident_live_request_failed</failure></testcase></testsuite></testsuites>