<?xml version="1.0" encoding="utf-8"?><testsuites name="pytest tests"><testsuite name="pytest" errors="0" failures="0" skipped="0" tests="16" time="0.064" timestamp="2026-09-20T16:46:00.148953+00:00" hostname="sat12-dp151-75b14c36-683e-4cf2-98c9-f602008bae5a-BE37872AC0E9.local"><testcase classname="" name="test_original_failure_is_diagnostically_admitted_without_becoming_pass" time="0.031" /><testcase classname="" name="test_observation_admission_rejects_missing_or_ambiguous_evidence[native_loss]" time="0.001" /><testcase classname="" name="test_observation_admission_rejects_missing_or_ambiguous_evidence[capture_fault]" time="0.001" /><testcase classname="" name="test_observation_admission_rejects_missing_or_ambiguous_evidence[overflow]" time="0.001" /><testcase classname="" name="test_observation_admission_rejects_missing_or_ambiguous_evidence[restoration]" time="0.001" /><testcase classname="" name="test_observation_admission_rejects_missing_or_ambiguous_evidence[index]" time="0.001" /><testcase classname="" name="test_observation_admission_rejects_missing_or_ambiguous_evidence[duplicate_offer]" time="0.001" /><testcase classname="" name="test_observation_admission_rejects_missing_or_ambiguous_evidence[missing_return]" time="0.001" /><testcase classname="" name="test_observation_admission_rejects_missing_or_ambiguous_evidence[role]" time="0.001" /><testcase classname="" name="test_observation_admission_rejects_missing_or_ambiguous_evidence[stop_failed]" time="0.001" /><testcase classname="" name="test_observation_admission_rejects_missing_or_ambiguous_evidence[outcome]" time="0.001" /><testcase classname="" name="test_native_roster_refuses_fewer_tests_before_any_control_execution[False]" time="0.000" /><testcase classname="" name="test_native_roster_refuses_fewer_tests_before_any_control_execution[True]" time="0.000" /><testcase classname="" name="test_python_control_xml_requires_exact_unique_identities" time="0.001" /><testcase classname="" name="test_original_selector_refuses_same_name_from_other_module" time="0.001" /><testcase classname="" name="test_observation_refuses_non_mapping_row" time="0.001" /></testsuite></testsuites>