<?xml version="1.0" encoding="utf-8"?><testsuites name="pytest tests"><testsuite name="pytest" errors="0" failures="0" skipped="0" tests="38" time="0.275" timestamp="2026-09-20T20:06:10.868080+00:00" hostname="sjc22-bm211-26ba900e-949f-4ba7-b54f-d43894c224cf-B6AB703E7196.local"><testcase classname="tests.test_mac_recovery_observation" name="test_all_known_codes_and_maximum_scalars_roundtrip" time="0.012" /><testcase classname="tests.test_mac_recovery_observation" name="test_invalid_native_records_are_rejected[extra]" time="0.001" /><testcase classname="tests.test_mac_recovery_observation" name="test_invalid_native_records_are_rejected[bool_pid]" time="0.001" /><testcase classname="tests.test_mac_recovery_observation" name="test_invalid_native_records_are_rejected[negative]" time="0.001" /><testcase classname="tests.test_mac_recovery_observation" name="test_invalid_native_records_are_rejected[overflow]" time="0.001" /><testcase classname="tests.test_mac_recovery_observation" name="test_invalid_native_records_are_rejected[code]" time="0.001" /><testcase classname="tests.test_mac_recovery_observation" name="test_invalid_native_records_are_rejected[transport]" time="0.001" /><testcase classname="tests.test_mac_recovery_observation" name="test_invalid_native_records_are_rejected[bool_fixed]" time="0.001" /><testcase classname="tests.test_mac_recovery_observation" name="test_invalid_native_records_are_rejected[float_fixed]" time="0.001" /><testcase classname="tests.test_mac_recovery_observation" name="test_invalid_native_records_are_rejected[loss_type]" time="0.001" /><testcase classname="tests.test_mac_recovery_observation" name="test_invalid_frame_grammar_is_rejected[duplicate]" time="0.001" /><testcase classname="tests.test_mac_recovery_observation" name="test_invalid_frame_grammar_is_rejected[placement]" time="0.001" /><testcase classname="tests.test_mac_recovery_observation" name="test_invalid_frame_grammar_is_rejected[two_frames]" time="0.001" /><testcase classname="tests.test_mac_recovery_observation" name="test_invalid_frame_grammar_is_rejected[oversized]" time="0.001" /><testcase classname="tests.test_mac_recovery_observation" name="test_invalid_frame_grammar_is_rejected[extra_line]" time="0.001" /><testcase classname="tests.test_mac_recovery_observation" name="test_native_loss_is_retained_and_blocks_complete_observation" time="0.001" /><testcase classname="tests.test_mac_recovery_observation" name="test_exact_subprocess_forwarding_despite_capture_failure[False]" time="0.001" /><testcase classname="tests.test_mac_recovery_observation" name="test_exact_subprocess_forwarding_despite_capture_failure[True]" time="0.001" /><testcase classname="tests.test_mac_recovery_observation" name="test_nonowned_command_forwards_without_capture" time="0.001" /><testcase classname="tests.test_mac_recovery_observation" name="test_state_projection_rejects_bool_and_never_formats_unknown_values" time="0.001" /><testcase classname="tests.test_mac_recovery_observation" name="test_state_and_kill_observations_preserve_original_objects" time="0.001" /><testcase classname="tests.test_mac_recovery_observation" name="test_bounded_capture_marks_loss_without_replacing_original" time="0.001" /><testcase classname="tests.test_mac_recovery_observation" name="test_actual_module_origin_is_bound_before_attachment" time="0.018" /><testcase classname="tests.test_mac_recovery_observation" name="test_partial_attachment_unwinds_before_original_continues" time="0.001" /><testcase classname="tests.test_mac_recovery_observation" name="test_original_termination_loop_has_no_added_probes" time="0.001" /><testcase classname="tests.test_mac_recovery_observation" name="test_json_alias_preserves_value_and_all_aliases_restore" time="0.001" /><testcase classname="tests.test_mac_recovery_observation" name="test_failed_export_does_not_change_original_outcome" time="0.001" /><testcase classname="tests.test_mac_recovery_observation" name="test_read_attribution_rejects_unbound_or_private_fields[updates0]" time="0.001" /><testcase classname="tests.test_mac_recovery_observation" name="test_read_attribution_rejects_unbound_or_private_fields[updates1]" time="0.001" /><testcase classname="tests.test_mac_recovery_observation" name="test_read_attribution_rejects_unbound_or_private_fields[updates2]" time="0.001" /><testcase classname="tests.test_mac_recovery_observation" name="test_read_attribution_rejects_unbound_or_private_fields[updates3]" time="0.001" /><testcase classname="tests.test_mac_recovery_observation" name="test_read_attribution_rejects_unbound_or_private_fields[updates4]" time="0.001" /><testcase classname="tests.test_mac_recovery_observation" name="test_read_attribution_rejects_unbound_or_private_fields[updates5]" time="0.001" /><testcase classname="tests.test_mac_recovery_observation" name="test_read_attribution_rejects_unbound_or_private_fields[updates6]" time="0.001" /><testcase classname="tests.test_mac_recovery_observation" name="test_read_attribution_rejects_unbound_or_private_fields[updates7]" time="0.001" /><testcase classname="tests.test_mac_recovery_observation" name="test_read_attribution_rejects_unbound_or_private_fields[updates8]" time="0.001" /><testcase classname="tests.test_mac_recovery_observation" name="test_read_attribution_accepts_exact_enum_and_signed_errno_bounds" time="0.027" /><testcase classname="tests.test_mac_recovery_observation" name="test_prior_native_frame_version_is_not_silently_reinterpreted" time="0.001" /></testsuite></testsuites>