<?xml version="1.0" encoding="utf-8"?><testsuites name="pytest tests"><testsuite name="pytest" errors="0" failures="0" skipped="0" tests="28" time="0.049" timestamp="2026-09-20T17:40:26.832810+00:00" hostname="sjc22-bm204-4e9c3bc0-eb00-40e6-a895-f81ef9f1c9be-123CC1F94643.local"><testcase classname="" name="test_original_failure_is_diagnostically_admitted_without_becoming_pass" time="0.007" /><testcase classname="" name="test_observation_admission_rejects_missing_or_ambiguous_evidence[native_loss]" time="0.001" /><testcase classname="" name="test_observation_admission_rejects_missing_or_ambiguous_evidence[capture_fault]" time="0.001" /><testcase classname="" name="test_observation_admission_rejects_missing_or_ambiguous_evidence[overflow]" time="0.001" /><testcase classname="" name="test_observation_admission_rejects_missing_or_ambiguous_evidence[restoration]" time="0.001" /><testcase classname="" name="test_observation_admission_rejects_missing_or_ambiguous_evidence[index]" time="0.001" /><testcase classname="" name="test_observation_admission_rejects_missing_or_ambiguous_evidence[duplicate_offer]" time="0.001" /><testcase classname="" name="test_observation_admission_rejects_missing_or_ambiguous_evidence[missing_return]" time="0.001" /><testcase classname="" name="test_observation_admission_rejects_missing_or_ambiguous_evidence[role]" time="0.001" /><testcase classname="" name="test_observation_admission_rejects_missing_or_ambiguous_evidence[stop_failed]" time="0.001" /><testcase classname="" name="test_observation_admission_rejects_missing_or_ambiguous_evidence[outcome]" time="0.001" /><testcase classname="" name="test_native_roster_refuses_fewer_tests_before_any_control_execution[False]" time="0.000" /><testcase classname="" name="test_native_roster_refuses_fewer_tests_before_any_control_execution[True]" time="0.000" /><testcase classname="" name="test_python_control_xml_requires_exact_unique_identities" time="0.001" /><testcase classname="" name="test_original_selector_refuses_same_name_from_other_module" time="0.001" /><testcase classname="" name="test_observation_refuses_non_mapping_row" time="0.001" /><testcase classname="" name="test_read_collection_rejects_wrong_roster_before_operations[missing-False]" time="0.000" /><testcase classname="" name="test_read_collection_rejects_wrong_roster_before_operations[missing-True]" time="0.000" /><testcase classname="" name="test_read_collection_rejects_wrong_roster_before_operations[duplicate-False]" time="0.000" /><testcase classname="" name="test_read_collection_rejects_wrong_roster_before_operations[duplicate-True]" time="0.000" /><testcase classname="" name="test_read_collection_rejects_wrong_roster_before_operations[unexpected-False]" time="0.000" /><testcase classname="" name="test_read_collection_rejects_wrong_roster_before_operations[unexpected-True]" time="0.000" /><testcase classname="" name="test_read_collection_rejects_wrong_roster_before_operations[wrong_role-False]" time="0.000" /><testcase classname="" name="test_read_collection_rejects_wrong_roster_before_operations[wrong_role-True]" time="0.000" /><testcase classname="" name="test_read_execution_requires_same_real_collected_names[False-False]" time="0.001" /><testcase classname="" name="test_read_execution_requires_same_real_collected_names[False-True]" time="0.001" /><testcase classname="" name="test_read_execution_requires_same_real_collected_names[True-False]" time="0.001" /><testcase classname="" name="test_read_execution_requires_same_real_collected_names[True-True]" time="0.000" /></testsuite></testsuites>