<?xml version="1.0" encoding="utf-8"?><testsuites name="pytest tests"><testsuite name="pytest" errors="0" failures="0" skipped="0" tests="30" time="0.459" timestamp="2026-09-20T16:07:08.382497-03:00" hostname="localhost"><testcase classname="tests.test_pi_installed_encrypted_driver" name="test_complete_registered_population_is_admitted_as_correctness_only" time="0.006" /><testcase classname="tests.test_pi_installed_encrypted_driver" name="test_pass_flag_cannot_admit_incomplete_or_overclaimed_population[missing_return]" time="0.001" /><testcase classname="tests.test_pi_installed_encrypted_driver" name="test_pass_flag_cannot_admit_incomplete_or_overclaimed_population[missing_receipt]" time="0.001" /><testcase classname="tests.test_pi_installed_encrypted_driver" name="test_pass_flag_cannot_admit_incomplete_or_overclaimed_population[failed_join]" time="0.001" /><testcase classname="tests.test_pi_installed_encrypted_driver" name="test_pass_flag_cannot_admit_incomplete_or_overclaimed_population[missing_encrypted]" time="0.001" /><testcase classname="tests.test_pi_installed_encrypted_driver" name="test_pass_flag_cannot_admit_incomplete_or_overclaimed_population[wrong_post]" time="0.001" /><testcase classname="tests.test_pi_installed_encrypted_driver" name="test_pass_flag_cannot_admit_incomplete_or_overclaimed_population[duplicate_post]" time="0.001" /><testcase classname="tests.test_pi_installed_encrypted_driver" name="test_pass_flag_cannot_admit_incomplete_or_overclaimed_population[missing_privacy]" time="0.001" /><testcase classname="tests.test_pi_installed_encrypted_driver" name="test_pass_flag_cannot_admit_incomplete_or_overclaimed_population[cleanup]" time="0.001" /><testcase classname="tests.test_pi_installed_encrypted_driver" name="test_pass_flag_cannot_admit_incomplete_or_overclaimed_population[host_claim]" time="0.001" /><testcase classname="tests.test_pi_installed_encrypted_driver" name="test_pass_flag_cannot_admit_incomplete_or_overclaimed_population[native_consume]" time="0.001" /><testcase classname="tests.test_pi_installed_encrypted_driver" name="test_pass_flag_cannot_admit_incomplete_or_overclaimed_population[windows_claim]" time="0.001" /><testcase classname="tests.test_pi_installed_encrypted_driver" name="test_pass_flag_cannot_admit_incomplete_or_overclaimed_population[extra_harness]" time="0.001" /><testcase classname="tests.test_pi_installed_encrypted_driver" name="test_pass_flag_cannot_admit_incomplete_or_overclaimed_population[unregistered]" time="0.001" /><testcase classname="tests.test_pi_installed_encrypted_driver" name="test_original_process_error_survives_separate_after_inventory_failure" time="0.008" /><testcase classname="tests.test_pi_installed_encrypted_driver" name="test_retained_build_requires_exact_test_delta_and_unchanged_providers[None]" time="0.060" /><testcase classname="tests.test_pi_installed_encrypted_driver" name="test_retained_build_requires_exact_test_delta_and_unchanged_providers[provider]" time="0.040" /><testcase classname="tests.test_pi_installed_encrypted_driver" name="test_retained_build_requires_exact_test_delta_and_unchanged_providers[extra_test]" time="0.038" /><testcase classname="tests.test_pi_installed_encrypted_driver" name="test_retained_build_requires_exact_test_delta_and_unchanged_providers[before_blob]" time="0.041" /><testcase classname="tests.test_pi_installed_encrypted_driver" name="test_retained_build_requires_exact_test_delta_and_unchanged_providers[build_tree]" time="0.040" /><testcase classname="tests.test_pi_installed_encrypted_driver" name="test_original_wheel_members_and_record_keep_distinct_tamper_proofs[None]" time="0.008" /><testcase classname="tests.test_pi_installed_encrypted_driver" name="test_original_wheel_members_and_record_keep_distinct_tamper_proofs[python]" time="0.002" /><testcase classname="tests.test_pi_installed_encrypted_driver" name="test_original_wheel_members_and_record_keep_distinct_tamper_proofs[asset]" time="0.003" /><testcase classname="tests.test_pi_installed_encrypted_driver" name="test_original_wheel_members_and_record_keep_distinct_tamper_proofs[metadata]" time="0.003" /><testcase classname="tests.test_pi_installed_encrypted_driver" name="test_original_wheel_members_and_record_keep_distinct_tamper_proofs[record]" time="0.003" /><testcase classname="tests.test_pi_installed_encrypted_driver" name="test_original_wheel_members_and_record_keep_distinct_tamper_proofs[symlink]" time="0.003" /><testcase classname="tests.test_pi_installed_encrypted_driver" name="test_original_wheel_members_and_record_keep_distinct_tamper_proofs[duplicate]" time="0.003" /><testcase classname="tests.test_pi_installed_encrypted_driver" name="test_original_wheel_members_and_record_keep_distinct_tamper_proofs[unsafe]" time="0.003" /><testcase classname="tests.test_pi_installed_encrypted_driver" name="test_pi_only_offers_exact_original_ten_callbacks" time="0.003" /><testcase classname="tests.test_pi_installed_encrypted_driver" name="test_unadmitted_contract_stops_before_platform_git_or_artifact_access" time="0.001" /></testsuite></testsuites>