<?xml version="1.0" encoding="utf-8"?><testsuites name="pytest tests"><testsuite name="pytest" errors="0" failures="0" skipped="0" tests="147" time="2.291" timestamp="2026-09-20T16:09:29.697549-03:00" hostname="localhost"><testcase classname="tests.test_native_slo_pi_encrypted_coverage" name="test_all_original_cases_require_six_encrypted_posts_and_ten_distinct_durable_rows" time="0.003" /><testcase classname="tests.test_native_slo_pi_encrypted_coverage" name="test_partial_or_substituted_evidence_cannot_claim_encrypted_registered_coverage[plaintext]" time="0.002" /><testcase classname="tests.test_native_slo_pi_encrypted_coverage" name="test_partial_or_substituted_evidence_cannot_claim_encrypted_registered_coverage[native_plaintext]" time="0.002" /><testcase classname="tests.test_native_slo_pi_encrypted_coverage" name="test_partial_or_substituted_evidence_cannot_claim_encrypted_registered_coverage[receipt_plaintext]" time="0.002" /><testcase classname="tests.test_native_slo_pi_encrypted_coverage" name="test_partial_or_substituted_evidence_cannot_claim_encrypted_registered_coverage[wrong_ciphertext]" time="0.002" /><testcase classname="tests.test_native_slo_pi_encrypted_coverage" name="test_partial_or_substituted_evidence_cannot_claim_encrypted_registered_coverage[missing_return]" time="0.002" /><testcase classname="tests.test_native_slo_pi_encrypted_coverage" name="test_partial_or_substituted_evidence_cannot_claim_encrypted_registered_coverage[extra_callback]" time="0.002" /><testcase classname="tests.test_native_slo_pi_encrypted_coverage" name="test_partial_or_substituted_evidence_cannot_claim_encrypted_registered_coverage[duplicate_receipt]" time="0.002" /><testcase classname="tests.test_native_slo_pi_encrypted_coverage" name="test_partial_or_substituted_evidence_cannot_claim_encrypted_registered_coverage[missing_receipt]" time="0.002" /><testcase classname="tests.test_native_slo_pi_encrypted_coverage" name="test_partial_or_substituted_evidence_cannot_claim_encrypted_registered_coverage[uncommitted]" time="0.002" /><testcase classname="tests.test_native_slo_pi_encrypted_coverage" name="test_partial_or_substituted_evidence_cannot_claim_encrypted_registered_coverage[false_checks]" time="0.002" /><testcase classname="tests.test_native_slo_pi_encrypted_coverage" name="test_partial_or_substituted_evidence_cannot_claim_encrypted_registered_coverage[incomplete]" time="0.003" /><testcase classname="tests.test_native_slo_pi_encrypted_coverage" name="test_partial_or_substituted_evidence_cannot_claim_encrypted_registered_coverage[missing_offer]" time="0.002" /><testcase classname="tests.test_native_slo_pi_encrypted_coverage" name="test_partial_or_substituted_evidence_cannot_claim_encrypted_registered_coverage[wrong_reason]" time="0.003" /><testcase classname="tests.test_native_slo_pi_encrypted_coverage" name="test_partial_or_substituted_evidence_cannot_claim_encrypted_registered_coverage[wrong_output]" time="0.002" /><testcase classname="tests.test_native_slo_pi_encrypted_coverage" name="test_partial_or_substituted_evidence_cannot_claim_encrypted_registered_coverage[visible_secret]" time="0.002" /><testcase classname="tests.test_native_slo_pi_encrypted_coverage" name="test_partial_or_substituted_evidence_cannot_claim_encrypted_registered_coverage[changed_membership]" time="0.002" /><testcase classname="tests.test_native_slo_pi_receipts" name="test_forwarded_result_full_receipt_and_actual_sqlite_readback_agree" time="0.005" /><testcase classname="tests.test_native_slo_pi_receipts" name="test_actual_compact_publisher_binding_does_not_need_an_invented_rule_field" time="0.004" /><testcase classname="tests.test_native_slo_pi_receipts" name="test_valid_receipt_rule_must_match_independently_admitted_installed_identity" time="0.004" /><testcase classname="tests.test_native_slo_pi_receipts" name="test_missing_or_malformed_installed_identity_is_not_derived_from_receipt[]" time="0.003" /><testcase classname="tests.test_native_slo_pi_receipts" name="test_missing_or_malformed_installed_identity_is_not_derived_from_receipt[gggggggggggggggggggggggggggggggggggggggggggggggggggggggggggggggg]" time="0.003" /><testcase classname="tests.test_native_slo_pi_receipts" name="test_missing_or_malformed_installed_identity_is_not_derived_from_receipt[aaaaaaaaaaaaaaaaaaaaaaaaaaaaaaaaaaaaaaaaaaaaaaaaaaaaaaaaaaaaaaa]" time="0.003" /><testcase classname="tests.test_native_slo_pi_receipts" name="test_missing_or_malformed_installed_identity_is_not_derived_from_receipt[AAAAAAAAAAAAAAAAAAAAAAAAAAAAAAAAAAAAAAAAAAAAAAAAAAAAAAAAAAAAAAAA]" time="0.003" /><testcase classname="tests.test_native_slo_pi_receipts" name="test_current_compact_ack_mutation_during_native_call_refuses_join[generation-9]" time="0.004" /><testcase classname="tests.test_native_slo_pi_receipts" name="test_current_compact_ack_mutation_during_native_call_refuses_join[policy_digest-4444444444444444444444444444444444444444444444444444444444444444]" time="0.004" /><testcase classname="tests.test_native_slo_pi_receipts" name="test_current_compact_ack_mutation_during_native_call_refuses_join[runtime_identity-4444444444444444444444444444444444444444444444444444444444444444]" time="0.004" /><testcase classname="tests.test_native_slo_pi_receipts" name="test_current_compact_ack_mutation_during_native_call_refuses_join[mode-record-only]" time="0.004" /><testcase classname="tests.test_native_slo_pi_receipts" name="test_actual_receipt_join_rejects_wrong_or_incomplete_scope[ack]" time="0.005" /><testcase classname="tests.test_native_slo_pi_receipts" name="test_actual_receipt_join_rejects_wrong_or_incomplete_scope[runtime]" time="0.005" /><testcase classname="tests.test_native_slo_pi_receipts" name="test_actual_receipt_join_rejects_wrong_or_incomplete_scope[rule]" time="0.004" /><testcase classname="tests.test_native_slo_pi_receipts" name="test_actual_receipt_join_rejects_wrong_or_incomplete_scope[arguments]" time="0.005" /><testcase classname="tests.test_native_slo_pi_receipts" name="test_actual_receipt_join_rejects_wrong_or_incomplete_scope[native_none]" time="0.003" /><testcase classname="tests.test_native_slo_pi_receipts" name="test_actual_receipt_join_rejects_wrong_or_incomplete_scope[commit_missing]" time="0.003" /><testcase classname="tests.test_native_slo_pi_receipts" name="test_actual_receipt_join_rejects_wrong_or_incomplete_scope[duplicate]" time="0.004" /><testcase classname="tests.test_native_slo_pi_receipts" name="test_original_exception_is_preserved_and_offered_call_is_not_lost" time="0.003" /><testcase classname="tests.test_native_slo_pi_receipts" name="test_corrupt_committed_content_is_not_accepted_as_original_receipt" time="0.004" /><testcase classname="tests.test_native_slo_pi_receipts" name="test_private_encrypted_reference_is_observed_after_native_call_without_rewriting_it[none]" time="0.006" /><testcase classname="tests.test_native_slo_pi_receipts" name="test_private_encrypted_reference_is_observed_after_native_call_without_rewriting_it[inner_identity]" time="0.004" /><testcase classname="tests.test_native_slo_pi_receipts" name="test_private_encrypted_reference_is_observed_after_native_call_without_rewriting_it[native_mutates_reference]" time="0.004" /><testcase classname="tests.test_native_slo_pi_receipts" name="test_unsupported_optional_capture_preserves_original_call_and_rejects_evidence" time="0.003" /><testcase classname="tests.test_native_slo_pi_receipts" name="test_post_return_observation_remains_active_until_original_wrapper_finishes" time="0.003" /><testcase classname="tests.test_native_slo_pi_sources" name="test_actual_adapter_registers_the_exact_generated_extension[pi]" time="0.004" /><testcase classname="tests.test_native_slo_pi_sources" name="test_actual_adapter_registers_the_exact_generated_extension[omp]" time="0.003" /><testcase classname="tests.test_native_slo_pi_sources" name="test_source_fixtures_put_scanner_material_beyond_excerpt_and_keep_changed_bytes" time="0.001" /><testcase classname="tests.test_native_slo_pi_sources" name="test_fixed_delivery_contract_accepts_each_declared_shape[0]" time="0.001" /><testcase classname="tests.test_native_slo_pi_sources" name="test_fixed_delivery_contract_accepts_each_declared_shape[1]" time="0.001" /><testcase classname="tests.test_native_slo_pi_sources" name="test_fixed_delivery_contract_accepts_each_declared_shape[2]" time="0.001" /><testcase classname="tests.test_native_slo_pi_sources" name="test_fixed_delivery_contract_accepts_each_declared_shape[3]" time="0.001" /><testcase classname="tests.test_native_slo_pi_sources" name="test_fixed_delivery_contract_accepts_each_declared_shape[4]" time="0.001" /><testcase classname="tests.test_native_slo_pi_sources" name="test_clean_source_cannot_pass_with_missing_or_wrong_independent_evidence[missing]" time="0.001" /><testcase classname="tests.test_native_slo_pi_sources" name="test_clean_source_cannot_pass_with_missing_or_wrong_independent_evidence[duplicate]" time="0.002" /><testcase classname="tests.test_native_slo_pi_sources" name="test_clean_source_cannot_pass_with_missing_or_wrong_independent_evidence[route]" time="0.002" /><testcase classname="tests.test_native_slo_pi_sources" name="test_clean_source_cannot_pass_with_missing_or_wrong_independent_evidence[status]" time="0.002" /><testcase classname="tests.test_native_slo_pi_sources" name="test_clean_source_cannot_pass_with_missing_or_wrong_independent_evidence[source]" time="0.001" /><testcase classname="tests.test_native_slo_pi_sources" name="test_clean_source_cannot_pass_with_missing_or_wrong_independent_evidence[digest]" time="0.001" /><testcase classname="tests.test_native_slo_pi_sources" name="test_clean_source_cannot_pass_with_missing_or_wrong_independent_evidence[chars]" time="0.002" /><testcase classname="tests.test_native_slo_pi_sources" name="test_clean_source_cannot_pass_with_missing_or_wrong_independent_evidence[excerpt]" time="0.001" /><testcase classname="tests.test_native_slo_pi_sources" name="test_clean_source_cannot_pass_with_missing_or_wrong_independent_evidence[original_proof]" time="0.001" /><testcase classname="tests.test_native_slo_pi_sources" name="test_clean_source_cannot_pass_with_missing_or_wrong_independent_evidence[mutation]" time="0.001" /><testcase classname="tests.test_native_slo_pi_sources" name="test_clean_source_cannot_pass_with_missing_or_wrong_independent_evidence[unreturned]" time="0.001" /><testcase classname="tests.test_native_slo_pi_sources" name="test_clean_source_cannot_pass_with_missing_or_wrong_independent_evidence[verdict]" time="0.002" /><testcase classname="tests.test_native_slo_pi_sources" name="test_block_requires_model_visible_message_replacement" time="0.002" /><testcase classname="tests.test_native_slo_pi_sources" name="test_evidence_reader_keeps_offered_row_after_callback_failure" time="0.002" /><testcase classname="tests.test_native_slo_pi_sources" name="test_http_ciphertext_must_match_the_exact_native_entry_reference[False]" time="0.001" /><testcase classname="tests.test_native_slo_pi_sources" name="test_http_ciphertext_must_match_the_exact_native_entry_reference[True]" time="0.002" /><testcase classname="tests.test_native_slo_pi_sources" name="test_declared_raw_inputs_cannot_enter_any_exported_evidence_surface[receipt-secret]" time="0.002" /><testcase classname="tests.test_native_slo_pi_sources" name="test_declared_raw_inputs_cannot_enter_any_exported_evidence_surface[receipt-output]" time="0.003" /><testcase classname="tests.test_native_slo_pi_sources" name="test_declared_raw_inputs_cannot_enter_any_exported_evidence_surface[receipt-command]" time="0.002" /><testcase classname="tests.test_native_slo_pi_sources" name="test_declared_raw_inputs_cannot_enter_any_exported_evidence_surface[receipt-private_path]" time="0.002" /><testcase classname="tests.test_native_slo_pi_sources" name="test_declared_raw_inputs_cannot_enter_any_exported_evidence_surface[metrics-secret]" time="0.001" /><testcase classname="tests.test_native_slo_pi_sources" name="test_declared_raw_inputs_cannot_enter_any_exported_evidence_surface[metrics-output]" time="0.002" /><testcase classname="tests.test_native_slo_pi_sources" name="test_declared_raw_inputs_cannot_enter_any_exported_evidence_surface[metrics-command]" time="0.001" /><testcase classname="tests.test_native_slo_pi_sources" name="test_declared_raw_inputs_cannot_enter_any_exported_evidence_surface[metrics-private_path]" time="0.002" /><testcase classname="tests.test_native_slo_pi_sources" name="test_declared_raw_inputs_cannot_enter_any_exported_evidence_surface[failure-secret]" time="0.001" /><testcase classname="tests.test_native_slo_pi_sources" name="test_declared_raw_inputs_cannot_enter_any_exported_evidence_surface[failure-output]" time="0.002" /><testcase classname="tests.test_native_slo_pi_sources" name="test_declared_raw_inputs_cannot_enter_any_exported_evidence_surface[failure-command]" time="0.002" /><testcase classname="tests.test_native_slo_pi_sources" name="test_declared_raw_inputs_cannot_enter_any_exported_evidence_surface[failure-private_path]" time="0.002" /><testcase classname="tests.test_native_slo_pi_sources" name="test_privacy_check_preserves_full_valid_receipt_and_failure_digest" time="0.001" /><testcase classname="tests.test_installed_pi_command_fixture" name="test_only_explicit_command_corpus_provisions_real_authority_before_daemon[default-unchanged]" time="0.042" /><testcase classname="tests.test_installed_pi_command_fixture" name="test_only_explicit_command_corpus_provisions_real_authority_before_daemon[explicit-command-corpus]" time="0.066" /><testcase classname="tests.test_installed_pi_command_fixture" name="test_existing_authority_is_not_reset_or_bypassed_by_fixture_opt_in" time="0.083" /><testcase classname="tests.test_installed_pi_output_probe" name="test_installed_origin_guard_rejects_checkout_package_only" time="0.001" /><testcase classname="tests.test_installed_pi_output_probe" name="test_installed_origin_requires_manifest_membership_and_noneditable_metadata" time="0.002" /><testcase classname="tests.test_installed_pi_output_probe" name="test_installed_origin_rejects_module_outside_distribution_manifest" time="0.002" /><testcase classname="tests.test_installed_pi_output_probe" name="test_installed_origin_rejects_symlinked_module_and_manifest" time="0.002" /><testcase classname="tests.test_installed_pi_output_probe" name="test_probe_keeps_venv_launcher_path_unresolved" time="0.001" /><testcase classname="tests.test_installed_pi_output_probe" name="test_node_command_prefers_experimental_type_stripping" time="0.001" /><testcase classname="tests.test_installed_pi_output_probe" name="test_node_command_falls_back_to_stable_type_stripping" time="0.002" /><testcase classname="tests.test_installed_pi_output_probe" name="test_node_command_falls_back_after_wrong_experimental_marker" time="0.001" /><testcase classname="tests.test_installed_pi_output_probe" name="test_node_command_rejects_unsupported_type_stripping" time="0.001" /><testcase classname="tests.test_installed_pi_output_probe" name="test_node_command_rejects_wrong_markers_on_both_attempts" time="0.001" /><testcase classname="tests.test_installed_pi_output_probe" name="test_case_digest_preserves_crlf_unicode_and_ignores_metadata" time="0.001" /><testcase classname="tests.test_installed_pi_output_probe" name="test_real_validation_requires_status_zero_and_exact_full_proof" time="0.002" /><testcase classname="tests.test_installed_pi_output_probe" name="test_large_non_source_accepts_only_bounded_reviewed_excerpt" time="0.002" /><testcase classname="tests.test_installed_pi_output_probe" name="test_result_validators_reject_duplicate_case_ids" time="0.001" /><testcase classname="tests.test_installed_pi_output_probe" name="test_fetch_evidence_correlates_case_ids_instead_of_position" time="0.001" /><testcase classname="tests.test_installed_pi_output_probe" name="test_installed_daemon_readiness_requires_workspace_policy" time="0.001" /><testcase classname="tests.test_installed_pi_output_probe" name="test_native_route_metrics_require_only_resident_positive_cases" time="0.002" /><testcase classname="tests.test_installed_pi_output_probe" name="test_positive_probe_accepts_only_absent_cli_fallback_log" time="0.001" /><testcase classname="tests.test_installed_pi_output_probe" name="test_cleanup_failure_scrubs_raw_probe_captures" time="0.003" /><testcase classname="tests.test_installed_pi_output_probe" name="test_private_native_retry_state_rejects_unsafe_entries" time="0.002" /><testcase classname="tests.test_installed_pi_output_probe" name="test_installed_daemon_cleanup_failure_is_redacted" time="0.001" /><testcase classname="tests.test_installed_pi_output_probe" name="test_installed_daemon_cleanup_rejects_unconfirmed_quarantine" time="0.001" /><testcase classname="tests.test_installed_pi_output_probe" name="test_installed_daemon_cleanup_bounds_stop" time="0.011" /><testcase classname="tests.test_installed_pi_output_probe" name="test_daemon_constructor_failure_closes_public_resources_and_stays_unsafe" time="0.002" /><testcase classname="tests.test_installed_pi_output_probe" name="test_bounded_daemon_call_redelivers_expired_prior_timer" time="0.001" /><testcase classname="tests.test_installed_pi_output_probe" name="test_bounded_daemon_call_restores_alarm_after_setup_failure" time="0.002" /><testcase classname="tests.test_installed_pi_output_probe" name="test_unsafe_cleanup_marker_preserves_mutable_root_without_scrubbing" time="0.002" /><testcase classname="tests.test_installed_pi_output_probe" name="test_cleanup_scrub_failure_is_redacted_and_fails_closed" time="0.002" /><testcase classname="tests.test_installed_pi_output_probe" name="test_cleanup_failure_does_not_write_success_receipt" time="0.005" /><testcase classname="tests.test_installed_pi_output_probe" name="test_malformed_results_are_visible_blocks_but_observe_remains_preserved" time="0.002" /><testcase classname="tests.test_installed_pi_output_probe" name="test_probe_admits_private_root_before_scoped_workspace_capture[False]" time="0.006" /><testcase classname="tests.test_installed_pi_output_probe" name="test_probe_admits_private_root_before_scoped_workspace_capture[True]" time="0.005" /><testcase classname="tests.test_native_slo_command_fixture" name="test_generated_authority_survives_independent_store_read" time="0.083" /><testcase classname="tests.test_native_slo_command_fixture" name="test_unenrolled_fixture_is_never_treated_as_protected" time="0.041" /><testcase classname="tests.test_native_slo_command_fixture" name="test_session_verifies_authority_before_constructing_daemon" time="0.060" /><testcase classname="tests.test_pi_installed_encrypted_driver" name="test_complete_registered_population_is_admitted_as_correctness_only" time="0.001" /><testcase classname="tests.test_pi_installed_encrypted_driver" name="test_pass_flag_cannot_admit_incomplete_or_overclaimed_population[missing_return]" time="0.001" /><testcase classname="tests.test_pi_installed_encrypted_driver" name="test_pass_flag_cannot_admit_incomplete_or_overclaimed_population[missing_receipt]" time="0.001" /><testcase classname="tests.test_pi_installed_encrypted_driver" name="test_pass_flag_cannot_admit_incomplete_or_overclaimed_population[failed_join]" time="0.001" /><testcase classname="tests.test_pi_installed_encrypted_driver" name="test_pass_flag_cannot_admit_incomplete_or_overclaimed_population[missing_encrypted]" time="0.001" /><testcase classname="tests.test_pi_installed_encrypted_driver" name="test_pass_flag_cannot_admit_incomplete_or_overclaimed_population[wrong_post]" time="0.001" /><testcase classname="tests.test_pi_installed_encrypted_driver" name="test_pass_flag_cannot_admit_incomplete_or_overclaimed_population[duplicate_post]" time="0.001" /><testcase classname="tests.test_pi_installed_encrypted_driver" name="test_pass_flag_cannot_admit_incomplete_or_overclaimed_population[missing_privacy]" time="0.001" /><testcase classname="tests.test_pi_installed_encrypted_driver" name="test_pass_flag_cannot_admit_incomplete_or_overclaimed_population[cleanup]" time="0.001" /><testcase classname="tests.test_pi_installed_encrypted_driver" name="test_pass_flag_cannot_admit_incomplete_or_overclaimed_population[host_claim]" time="0.001" /><testcase classname="tests.test_pi_installed_encrypted_driver" name="test_pass_flag_cannot_admit_incomplete_or_overclaimed_population[native_consume]" time="0.001" /><testcase classname="tests.test_pi_installed_encrypted_driver" name="test_pass_flag_cannot_admit_incomplete_or_overclaimed_population[windows_claim]" time="0.001" /><testcase classname="tests.test_pi_installed_encrypted_driver" name="test_pass_flag_cannot_admit_incomplete_or_overclaimed_population[extra_harness]" time="0.001" /><testcase classname="tests.test_pi_installed_encrypted_driver" name="test_pass_flag_cannot_admit_incomplete_or_overclaimed_population[unregistered]" time="0.001" /><testcase classname="tests.test_pi_installed_encrypted_driver" name="test_original_process_error_survives_separate_after_inventory_failure" time="0.002" /><testcase classname="tests.test_pi_installed_encrypted_driver" name="test_retained_build_requires_exact_test_delta_and_unchanged_providers[None]" time="0.079" /><testcase classname="tests.test_pi_installed_encrypted_driver" name="test_retained_build_requires_exact_test_delta_and_unchanged_providers[provider]" time="0.057" /><testcase classname="tests.test_pi_installed_encrypted_driver" name="test_retained_build_requires_exact_test_delta_and_unchanged_providers[extra_test]" time="0.054" /><testcase classname="tests.test_pi_installed_encrypted_driver" name="test_retained_build_requires_exact_test_delta_and_unchanged_providers[before_blob]" time="0.052" /><testcase classname="tests.test_pi_installed_encrypted_driver" name="test_retained_build_requires_exact_test_delta_and_unchanged_providers[build_tree]" time="0.045" /><testcase classname="tests.test_pi_installed_encrypted_driver" name="test_original_wheel_members_and_record_keep_distinct_tamper_proofs[None]" time="0.005" /><testcase classname="tests.test_pi_installed_encrypted_driver" name="test_original_wheel_members_and_record_keep_distinct_tamper_proofs[python]" time="0.002" /><testcase classname="tests.test_pi_installed_encrypted_driver" name="test_original_wheel_members_and_record_keep_distinct_tamper_proofs[asset]" time="0.002" /><testcase classname="tests.test_pi_installed_encrypted_driver" name="test_original_wheel_members_and_record_keep_distinct_tamper_proofs[metadata]" time="0.002" /><testcase classname="tests.test_pi_installed_encrypted_driver" name="test_original_wheel_members_and_record_keep_distinct_tamper_proofs[record]" time="0.003" /><testcase classname="tests.test_pi_installed_encrypted_driver" name="test_original_wheel_members_and_record_keep_distinct_tamper_proofs[symlink]" time="0.002" /><testcase classname="tests.test_pi_installed_encrypted_driver" name="test_original_wheel_members_and_record_keep_distinct_tamper_proofs[duplicate]" time="0.002" /><testcase classname="tests.test_pi_installed_encrypted_driver" name="test_original_wheel_members_and_record_keep_distinct_tamper_proofs[unsafe]" time="0.003" /><testcase classname="tests.test_pi_installed_encrypted_driver" name="test_pi_only_offers_exact_original_ten_callbacks" time="0.003" /><testcase classname="tests.test_pi_installed_encrypted_driver" name="test_unadmitted_contract_stops_before_platform_git_or_artifact_access" time="0.002" /></testsuite></testsuites>