<?xml version="1.0" encoding="utf-8"?><testsuites name="pytest tests"><testsuite name="pytest" errors="0" failures="0" skipped="0" tests="2" time="2.849" timestamp="2026-09-20T09:24:03.415835+00:00" hostname="runnervmlun5p"><testcase classname="ci.native_runtime.test_native_hook_client_transport" name="test_native_resident_contains_spoof_partial_frame_and_slow_client" file="ci/native_runtime/test_native_hook_client_transport.py" line="28" time="1.416" /><testcase classname="ci.native_runtime.test_native_hook_client_transport" name="test_native_resident_returns_bounded_overload_signal" file="ci/native_runtime/test_native_hook_client_transport.py" line="64" time="1.358" /></testsuite></testsuites>