<?xml version="1.0" encoding="utf-8"?><testsuites name="pytest tests"><testsuite name="pytest" errors="0" failures="0" skipped="0" tests="48" time="1.315" timestamp="2026-09-19T18:57:22.861290+00:00" hostname="sjc22-bm204-eb8e9478-79cf-494e-b4a2-5716905fc400-4226F16F75A0.local"><testcase classname="tests.test_native_macos_dnssd_sigpipe" name="test_each_declared_condition_remains_bound_to_the_original_protocol[dns_simple-default-native_dlopen]" time="0.001" /><testcase classname="tests.test_native_macos_dnssd_sigpipe" name="test_each_declared_condition_remains_bound_to_the_original_protocol[dns_simple-default-python]" time="0.001" /><testcase classname="tests.test_native_macos_dnssd_sigpipe" name="test_each_declared_condition_remains_bound_to_the_original_protocol[dns_simple-ignore-native_dlopen]" time="0.001" /><testcase classname="tests.test_native_macos_dnssd_sigpipe" name="test_each_declared_condition_remains_bound_to_the_original_protocol[dns_simple-ignore-python]" time="0.001" /><testcase classname="tests.test_native_macos_dnssd_sigpipe" name="test_each_declared_condition_remains_bound_to_the_original_protocol[dns_shared-default-native_dlopen]" time="0.001" /><testcase classname="tests.test_native_macos_dnssd_sigpipe" name="test_each_declared_condition_remains_bound_to_the_original_protocol[dns_shared-default-python]" time="0.001" /><testcase classname="tests.test_native_macos_dnssd_sigpipe" name="test_each_declared_condition_remains_bound_to_the_original_protocol[dns_shared-ignore-native_dlopen]" time="0.001" /><testcase classname="tests.test_native_macos_dnssd_sigpipe" name="test_each_declared_condition_remains_bound_to_the_original_protocol[dns_shared-ignore-python]" time="0.001" /><testcase classname="tests.test_native_macos_dnssd_sigpipe" name="test_pending_poll_retains_missing_post_query_and_restore_evidence[default-native_dlopen]" time="0.001" /><testcase classname="tests.test_native_macos_dnssd_sigpipe" name="test_pending_poll_retains_missing_post_query_and_restore_evidence[default-python]" time="0.001" /><testcase classname="tests.test_native_macos_dnssd_sigpipe" name="test_pending_poll_retains_missing_post_query_and_restore_evidence[ignore-native_dlopen]" time="0.001" /><testcase classname="tests.test_native_macos_dnssd_sigpipe" name="test_pending_poll_retains_missing_post_query_and_restore_evidence[ignore-python]" time="0.001" /><testcase classname="tests.test_native_macos_dnssd_sigpipe" name="test_changed_conditions_or_unbound_observations_are_retained_and_refused[moved_install]" time="0.001" /><testcase classname="tests.test_native_macos_dnssd_sigpipe" name="test_changed_conditions_or_unbound_observations_are_retained_and_refused[changed_mask]" time="0.000" /><testcase classname="tests.test_native_macos_dnssd_sigpipe" name="test_changed_conditions_or_unbound_observations_are_retained_and_refused[changed_flags]" time="0.000" /><testcase classname="tests.test_native_macos_dnssd_sigpipe" name="test_changed_conditions_or_unbound_observations_are_retained_and_refused[wrong_handler]" time="0.000" /><testcase classname="tests.test_native_macos_dnssd_sigpipe" name="test_changed_conditions_or_unbound_observations_are_retained_and_refused[socket_error]" time="0.000" /><testcase classname="tests.test_native_macos_dnssd_sigpipe" name="test_changed_conditions_or_unbound_observations_are_retained_and_refused[socket_length]" time="0.000" /><testcase classname="tests.test_native_macos_dnssd_sigpipe" name="test_changed_conditions_or_unbound_observations_are_retained_and_refused[missing_restore]" time="0.001" /><testcase classname="tests.test_native_macos_dnssd_sigpipe" name="test_changed_conditions_or_unbound_observations_are_retained_and_refused[wrong_image]" time="0.001" /><testcase classname="tests.test_native_macos_dnssd_sigpipe" name="test_python_calls_the_shared_condition_abi_once_around_the_original_query[dns_simple-0-default-0]" time="0.005" /><testcase classname="tests.test_native_macos_dnssd_sigpipe" name="test_python_calls_the_shared_condition_abi_once_around_the_original_query[dns_simple-0-ignore-1]" time="0.001" /><testcase classname="tests.test_native_macos_dnssd_sigpipe" name="test_python_calls_the_shared_condition_abi_once_around_the_original_query[dns_shared-1-default-0]" time="0.001" /><testcase classname="tests.test_native_macos_dnssd_sigpipe" name="test_python_calls_the_shared_condition_abi_once_around_the_original_query[dns_shared-1-ignore-1]" time="0.001" /><testcase classname="tests.test_native_macos_dnssd_sigpipe" name="test_owned_python_failure_attempts_restoration_once_without_replaying_query[enter]" time="0.001" /><testcase classname="tests.test_native_macos_dnssd_sigpipe" name="test_owned_python_failure_attempts_restoration_once_without_replaying_query[query]" time="0.001" /><testcase classname="tests.test_native_macos_dnssd_sigpipe" name="test_owned_python_failure_attempts_restoration_once_without_replaying_query[leave]" time="0.001" /><testcase classname="tests.test_native_macos_dnssd_sigpipe_path" name="test_exact_eight_cells_arguments_and_same_host_initial_action_join" time="0.001" /><testcase classname="tests.test_native_macos_dnssd_sigpipe_path" name="test_unretired_owned_child_stops_every_later_cell[0]" time="0.000" /><testcase classname="tests.test_native_macos_dnssd_sigpipe_path" name="test_unretired_owned_child_stops_every_later_cell[3]" time="0.000" /><testcase classname="tests.test_native_macos_dnssd_sigpipe_path" name="test_unretired_owned_child_stops_every_later_cell[7]" time="0.001" /><testcase classname="tests.test_native_macos_dnssd_sigpipe_path" name="test_censored_capture_is_retained_without_condition_comparison_credit" time="0.001" /><testcase classname="tests.test_native_macos_dnssd_sigpipe_path" name="test_changed_initial_mask_refuses_same_host_condition_comparison" time="0.001" /><testcase classname="tests.test_native_macos_dnssd_sigpipe_path" name="test_changed_phase_image_stops_before_the_next_query" time="0.001" /><testcase classname="tests.test_native_macos_dnssd_sigpipe_path" name="test_always_final_witness_retains_missing_images_and_failed_prepare_baseline" time="0.001" /><testcase classname="tests.test_native_macos_dnssd_sigpipe_forwarding" name="test_compiled_control_preserves_masks_errno_and_single_attempt_failures[0-0]" time="0.510" /><testcase classname="tests.test_native_macos_dnssd_sigpipe_forwarding" name="test_compiled_control_preserves_masks_errno_and_single_attempt_failures[0-1]" time="0.006" /><testcase classname="tests.test_native_macos_dnssd_sigpipe_forwarding" name="test_compiled_control_preserves_masks_errno_and_single_attempt_failures[1-0]" time="0.005" /><testcase classname="tests.test_native_macos_dnssd_sigpipe_forwarding" name="test_compiled_control_preserves_masks_errno_and_single_attempt_failures[1-1]" time="0.005" /><testcase classname="tests.test_native_macos_dnssd_sigpipe_forwarding" name="test_compiled_control_preserves_masks_errno_and_single_attempt_failures[2-0]" time="0.005" /><testcase classname="tests.test_native_macos_dnssd_sigpipe_forwarding" name="test_compiled_control_preserves_masks_errno_and_single_attempt_failures[2-1]" time="0.004" /><testcase classname="tests.test_native_macos_dnssd_sigpipe_forwarding" name="test_compiled_control_preserves_masks_errno_and_single_attempt_failures[3-0]" time="0.005" /><testcase classname="tests.test_native_macos_dnssd_sigpipe_forwarding" name="test_compiled_control_preserves_masks_errno_and_single_attempt_failures[3-1]" time="0.005" /><testcase classname="tests.test_native_macos_dnssd_sigpipe_forwarding" name="test_compiled_native_host_holds_the_image_across_condition_query_and_restore[dns_simple-0-0-default-0]" time="0.006" /><testcase classname="tests.test_native_macos_dnssd_sigpipe_forwarding" name="test_compiled_native_host_holds_the_image_across_condition_query_and_restore[dns_simple-0-0-ignore-1]" time="0.005" /><testcase classname="tests.test_native_macos_dnssd_sigpipe_forwarding" name="test_compiled_native_host_holds_the_image_across_condition_query_and_restore[dns_shared-1-2-default-0]" time="0.005" /><testcase classname="tests.test_native_macos_dnssd_sigpipe_forwarding" name="test_compiled_native_host_holds_the_image_across_condition_query_and_restore[dns_shared-1-2-ignore-1]" time="0.006" /><testcase classname="tests.test_native_macos_dnssd_sigpipe_forwarding" name="test_compiled_native_host_missing_image_never_installs_a_condition" time="0.005" /></testsuite></testsuites>