<?xml version="1.0" encoding="utf-8"?><testsuites name="pytest tests"><testsuite name="pytest" errors="0" failures="0" skipped="0" tests="10" time="14.295" timestamp="2026-09-20T12:45:14.536375-03:00" hostname="localhost"><testcase classname="tests.test_mcp_catalog_generation_cache" name="test_catalog_owns_nested_schemas_and_returns_detached_values" time="0.007" /><testcase classname="tests.test_mcp_catalog_generation_cache" name="test_sibling_replacement_invalidates_complete_catalog_digest" time="0.001" /><testcase classname="tests.test_mcp_catalog_generation_cache" name="test_lifecycle_state_and_all_advertised_fields_remain_bound" time="0.001" /><testcase classname="tests.test_mcp_catalog_generation_cache" name="test_nonfinite_replacement_does_not_poison_existing_generation" time="0.001" /><testcase classname="tests.test_runtime_mcp_inline_catalog_invalidation" name="test_inline_catalog_invalidation_denies_before_remember_or_forward[catalog-ordinary]" time="6.609" /><testcase classname="tests.test_runtime_mcp_inline_catalog_invalidation" name="test_inline_catalog_invalidation_denies_before_remember_or_forward[catalog-package]" time="6.268" /><testcase classname="tests.test_runtime_mcp_inline_catalog_invalidation" name="test_inline_catalog_invalidation_denies_before_remember_or_forward[current_block-ordinary]" time="0.209" /><testcase classname="tests.test_runtime_mcp_inline_catalog_invalidation" name="test_inline_catalog_invalidation_denies_before_remember_or_forward[current_block-package]" time="0.504" /><testcase classname="tests.test_runtime_mcp_inline_catalog_invalidation" name="test_inline_catalog_invalidation_denies_before_remember_or_forward[request-ordinary]" time="0.145" /><testcase classname="tests.test_runtime_mcp_inline_catalog_invalidation" name="test_inline_catalog_invalidation_denies_before_remember_or_forward[request-package]" time="0.181" /></testsuite></testsuites>