<?xml version="1.0" encoding="utf-8"?><testsuites name="pytest tests"><testsuite name="pytest" errors="0" failures="0" skipped="0" tests="2" time="0.432" timestamp="2026-09-20T06:34:22.381770+00:00" hostname="runnervmvmocb"><testcase classname="test_windows_auth_token_replace_roles_diagnostic" name="test_held_destination_reader_has_access_denied_hypothesis" file="test_windows_auth_token_replace_roles_diagnostic.py" line="184" time="0.009"><properties><property name="held_role" value="destination" /><property name="original_replace_calls" value="1" /><property name="original_writer_fd_closed" value="True" /><property name="reader_retired" value="True" /><property name="reader_open_close_count" value="1" /><property name="original_exception_identity_preserved" value="True" /><property name="observed_winerror" value="5" /><property name="expected_winerror_hypothesis" value="5" /><property name="exception_kind" value="PermissionError" /><property name="exception_boundary" value="original_os_replace" /><property name="separate_after_release_write_read" value="True" /></properties></testcase><testcase classname="test_windows_auth_token_replace_roles_diagnostic" name="test_held_temporary_source_reader_has_sharing_violation_hypothesis" file="test_windows_auth_token_replace_roles_diagnostic.py" line="188" time="0.006"><properties><property name="held_role" value="source" /><property name="original_replace_calls" value="1" /><property name="original_writer_fd_closed" value="True" /><property name="reader_retired" value="True" /><property name="reader_open_close_count" value="1" /><property name="original_exception_identity_preserved" value="True" /><property name="observed_winerror" value="32" /><property name="expected_winerror_hypothesis" value="32" /><property name="exception_kind" value="PermissionError" /><property name="exception_boundary" value="original_os_replace" /><property name="separate_after_release_write_read" value="True" /></properties></testcase></testsuite></testsuites>